<?xml version="1.0" encoding="UTF-8"?>
<testng-results ignored="0" total="1" passed="1" failed="0" skipped="0">
  <reporter-output>
  </reporter-output>
  <suite started-at="2025-04-18T11:00:09 IST" name="Default suite" finished-at="2025-04-18T11:00:25 IST" duration-ms="16607">
    <groups>
    </groups>
    <test started-at="2025-04-18T11:00:09 IST" name="Default test" finished-at="2025-04-18T11:00:25 IST" duration-ms="16607">
      <class name="com.eaapp.tests.EmployeeTests">
        <test-method is-config="true" signature="beforeSuite()[pri:0, instance:com.eaapp.tests.EmployeeTests@7ba8c737]" started-at="2025-04-18T11:00:08 IST" name="beforeSuite" finished-at="2025-04-18T11:00:09 IST" duration-ms="1312" status="PASS">
          <reporter-output>
          </reporter-output>
        </test-method> <!-- beforeSuite -->
        <test-method is-config="true" signature="setUp()[pri:0, instance:com.eaapp.tests.EmployeeTests@7ba8c737]" started-at="2025-04-18T11:00:09 IST" name="setUp" finished-at="2025-04-18T11:00:12 IST" duration-ms="3090" status="PASS">
          <reporter-output>
          </reporter-output>
        </test-method> <!-- setUp -->
        <test-method signature="testCreateNewEmployee()[pri:0, instance:com.eaapp.tests.EmployeeTests@7ba8c737]" started-at="2025-04-18T11:00:12 IST" name="testCreateNewEmployee" finished-at="2025-04-18T11:00:25 IST" duration-ms="12816" status="PASS">
          <reporter-output>
          </reporter-output>
        </test-method> <!-- testCreateNewEmployee -->
        <test-method is-config="true" signature="tearDown()[pri:0, instance:com.eaapp.tests.EmployeeTests@7ba8c737]" started-at="2025-04-18T11:00:25 IST" name="tearDown" finished-at="2025-04-18T11:00:25 IST" duration-ms="646" status="PASS">
          <reporter-output>
          </reporter-output>
        </test-method> <!-- tearDown -->
      </class> <!-- com.eaapp.tests.EmployeeTests -->
    </test> <!-- Default test -->
  </suite> <!-- Default suite -->
</testng-results>
