<?xml version="1.0" encoding="UTF-8"?>
<testng-results ignored="0" total="1" passed="1" failed="0" skipped="0">
  <reporter-output>
  </reporter-output>
  <suite started-at="2025-05-07T11:05:07 IST" name="Default suite" finished-at="2025-05-07T11:05:44 IST" duration-ms="37484">
    <groups>
    </groups>
    <test started-at="2025-05-07T11:05:07 IST" name="Default test" finished-at="2025-05-07T11:05:44 IST" duration-ms="37484">
      <class name="com.eaapp.tests.EmployeeTests">
        <test-method is-config="true" signature="beforeSuite()[pri:0, instance:com.eaapp.tests.EmployeeTests@7ba8c737]" started-at="2025-05-07T11:04:58 IST" name="beforeSuite" finished-at="2025-05-07T11:05:07 IST" duration-ms="8908" status="PASS">
          <reporter-output>
          </reporter-output>
        </test-method> <!-- beforeSuite -->
        <test-method is-config="true" signature="setUp()[pri:0, instance:com.eaapp.tests.EmployeeTests@7ba8c737]" started-at="2025-05-07T11:05:07 IST" name="setUp" finished-at="2025-05-07T11:05:20 IST" duration-ms="13722" status="PASS">
          <reporter-output>
          </reporter-output>
        </test-method> <!-- setUp -->
        <test-method signature="testCreateNewEmployee()[pri:0, instance:com.eaapp.tests.EmployeeTests@7ba8c737]" started-at="2025-05-07T11:05:21 IST" name="testCreateNewEmployee" finished-at="2025-05-07T11:05:43 IST" duration-ms="22085" status="PASS">
          <reporter-output>
          </reporter-output>
        </test-method> <!-- testCreateNewEmployee -->
        <test-method is-config="true" signature="tearDown()[pri:0, instance:com.eaapp.tests.EmployeeTests@7ba8c737]" started-at="2025-05-07T11:05:43 IST" name="tearDown" finished-at="2025-05-07T11:05:44 IST" duration-ms="1480" status="PASS">
          <reporter-output>
          </reporter-output>
        </test-method> <!-- tearDown -->
      </class> <!-- com.eaapp.tests.EmployeeTests -->
    </test> <!-- Default test -->
  </suite> <!-- Default suite -->
</testng-results>
